<?xml version="1.0" encoding="UTF-8"?>
<!-- Generated by org.testng.reporters.JUnitReportReporter -->
<testsuite skipped="0" hostname="AQMIT-DSK-10182" name="com.qa.ExtentReportListener.ExtentReporterNG" tests="1" failures="0" timestamp="26 Nov 2018 11:46:30 GMT" time="33.345" errors="0">
  <testcase name="f" time="33.345" classname="com.qa.ExtentReportListener.ExtentReporterNG"/>
</testsuite> <!-- com.qa.ExtentReportListener.ExtentReporterNG -->
