<?xml version="1.0" encoding="UTF-8"?>
<!-- Generated by org.testng.reporters.JUnitReportReporter -->
<testsuite skipped="0" hostname="AQMIT-DSK-10182" name="initialize.NewTest" tests="1" failures="0" timestamp="27 Dec 2018 09:03:06 GMT" time="20.814" errors="0">
  <testcase name="InvalidLogincenario" time="20.814" classname="initialize.NewTest"/>
</testsuite> <!-- initialize.NewTest -->
